<?xml version="1.0" encoding="UTF-8"?>
<testsuite name="com.squirreltree.NodeTest" tests="6" skipped="0" failures="0" errors="0" timestamp="2025-05-01T17:47:32" hostname="DESKTOP-PAQ7BKH" time="0.017">
  <properties/>
  <testcase name="testLeftAndRightInitiallyNull()" classname="com.squirreltree.NodeTest" time="0.002"/>
  <testcase name="testGetData()" classname="com.squirreltree.NodeTest" time="0.001"/>
  <testcase name="testComplexTreeStructure()" classname="com.squirreltree.NodeTest" time="0.001"/>
  <testcase name="testSetLeft()" classname="com.squirreltree.NodeTest" time="0.001"/>
  <testcase name="testNodeCreation()" classname="com.squirreltree.NodeTest" time="0.001"/>
  <testcase name="testSetRight()" classname="com.squirreltree.NodeTest" time="0.001"/>
  <system-out><![CDATA[]]></system-out>
  <system-err><![CDATA[]]></system-err>
</testsuite>
