<?xml version="1.0" encoding="UTF-8"?>
<testsuite name="com.squirreltree.BinaryTreeTest" tests="6" skipped="0" failures="0" errors="0" timestamp="2025-05-01T17:47:32" hostname="DESKTOP-PAQ7BKH" time="0.087">
  <properties/>
  <testcase name="testTreeWithRootData()" classname="com.squirreltree.BinaryTreeTest" time="0.047"/>
  <testcase name="testEmptyTree()" classname="com.squirreltree.BinaryTreeTest" time="0.003"/>
  <testcase name="testPostOrderTraversal()" classname="com.squirreltree.BinaryTreeTest" time="0.018"/>
  <testcase name="testPreOrderTraversal()" classname="com.squirreltree.BinaryTreeTest" time="0.003"/>
  <testcase name="testInOrderTraversal()" classname="com.squirreltree.BinaryTreeTest" time="0.002"/>
  <testcase name="testTreeCreation()" classname="com.squirreltree.BinaryTreeTest" time="0.002"/>
  <system-out><![CDATA[]]></system-out>
  <system-err><![CDATA[]]></system-err>
</testsuite>
