<?xml version="1.0" encoding="UTF-8"?>
<testsuite name="com.squirreltree.generic.GenericBinaryTreeTest" tests="7" skipped="0" failures="0" errors="0" timestamp="2025-05-01T17:47:32" hostname="DESKTOP-PAQ7BKH" time="0.045">
  <properties/>
  <testcase name="testTraversalWithPrinting()" classname="com.squirreltree.generic.GenericBinaryTreeTest" time="0.006"/>
  <testcase name="testTreeWithRootData()" classname="com.squirreltree.generic.GenericBinaryTreeTest" time="0.003"/>
  <testcase name="testEmptyTree()" classname="com.squirreltree.generic.GenericBinaryTreeTest" time="0.007"/>
  <testcase name="testPostOrderTraversal()" classname="com.squirreltree.generic.GenericBinaryTreeTest" time="0.002"/>
  <testcase name="testPreOrderTraversal()" classname="com.squirreltree.generic.GenericBinaryTreeTest" time="0.003"/>
  <testcase name="testInOrderTraversal()" classname="com.squirreltree.generic.GenericBinaryTreeTest" time="0.002"/>
  <testcase name="testTreeCreation()" classname="com.squirreltree.generic.GenericBinaryTreeTest" time="0.002"/>
  <system-out><![CDATA[]]></system-out>
  <system-err><![CDATA[]]></system-err>
</testsuite>
