<?xml version="1.0" encoding="UTF-8"?>
<testsuite name="com.squirreltree.generic.GenericNodeTest" tests="4" skipped="0" failures="0" errors="0" timestamp="2025-05-01T17:47:32" hostname="DESKTOP-PAQ7BKH" time="0.007">
  <properties/>
  <testcase name="testGenericNodeWithString()" classname="com.squirreltree.generic.GenericNodeTest" time="0.001"/>
  <testcase name="testGenericNodeWithSquirrel()" classname="com.squirreltree.generic.GenericNodeTest" time="0.001"/>
  <testcase name="testSetLeftAndRight()" classname="com.squirreltree.generic.GenericNodeTest" time="0.001"/>
  <testcase name="testGenericNodeWithInteger()" classname="com.squirreltree.generic.GenericNodeTest" time="0.001"/>
  <system-out><![CDATA[]]></system-out>
  <system-err><![CDATA[]]></system-err>
</testsuite>
